

Microchip MPLAB XC8 Assembler V2.35 build 20211206165544 
                                                                                               Wed Feb 23 23:41:34 2022

Microchip MPLAB XC8 C Compiler v2.35 (Free license) build 20211206165544 Og1 
     1                           	processor	16F84
     2                           	pagewidth 120
     3                           	opt	flic
     4                           	psect	cinit,global,class=CODE,merge=1,delta=2
     5                           	psect	cstackBANK0,global,class=BANK0,space=1,delta=1,noexec
     6                           	psect	maintext,global,class=CODE,split=1,delta=2
     7                           	psect	text1,local,class=CODE,merge=1,delta=2
     8                           	psect	intentry,global,class=CODE,delta=2
     9                           	psect	idloc,global,abs,ovrld,class=IDLOC,space=5,delta=2,noexec
    10                           	psect	config,global,abs,ovrld,class=CONFIG,space=4,delta=2,noexec
    11                           	dabs	1,0x4E,2
    12  0000                     
    13                           ; Version 2.40
    14                           ; Generated 17/11/2021 GMT
    15                           ; 
    16                           ; Copyright © 2021, Microchip Technology Inc. and its subsidiaries ("Microchip")
    17                           ; All rights reserved.
    18                           ; 
    19                           ; This software is developed by Microchip Technology Inc. and its subsidiaries ("Microch
      +                          ip").
    20                           ; 
    21                           ; Redistribution and use in source and binary forms, with or without modification, are
    22                           ; permitted provided that the following conditions are met:
    23                           ; 
    24                           ;     1. Redistributions of source code must retain the above copyright notice, this lis
      +                          t of
    25                           ;        conditions and the following disclaimer.
    26                           ; 
    27                           ;     2. Redistributions in binary form must reproduce the above copyright notice, this 
      +                          list
    28                           ;        of conditions and the following disclaimer in the documentation and/or other
    29                           ;        materials provided with the distribution. Publication is not required when
    30                           ;        this file is used in an embedded application.
    31                           ; 
    32                           ;     3. Microchip's name may not be used to endorse or promote products derived from th
      +                          is
    33                           ;        software without specific prior written permission.
    34                           ; 
    35                           ; THIS SOFTWARE IS PROVIDED BY MICROCHIP "AS IS" AND ANY EXPRESS OR IMPLIED WARRANTIES,
    36                           ; INCLUDING, BUT NOT LIMITED TO, THE IMPLIED WARRANTIES OF MERCHANTABILITY AND FITNESS F
      +                          OR
    37                           ; PURPOSE ARE DISCLAIMED.  IN NO EVENT SHALL MICROCHIP BE LIABLE FOR ANY DIRECT, INDIREC
      +                          T,
    38                           ; INCIDENTAL, SPECIAL, EXEMPLARY, OR CONSEQUENTIAL DAMAGES (INCLUDING BUT NOT LIMITED TO
    39                           ; PROCUREMENT OF SUBSTITUTE GOODS OR SERVICES; LOSS OF USE, DATA OR PROFITS; OR BUSINESS
    40                           ; INTERRUPTION) HOWSOEVER CAUSED AND ON ANY THEORY OF LIABILITY, WHETHER IN CONTRACT, ST
      +                          RICT
    41                           ; LIABILITY, OR TORT (INCLUDING NEGLIGENCE OR OTHERWISE) ARISING IN ANY WAY OUT OF THE U
      +                          SE OF
    42                           ; THIS SOFTWARE, EVEN IF ADVISED OF THE POSSIBILITY OF SUCH DAMAGE.
    43                           ; 
    44                           ; 
    45                           ; Code-generator required, PIC16F84 Definitions
    46                           ; 
    47                           ; SFR Addresses
    48  0000                     	;# 
    49  0001                     	;# 
    50  0002                     	;# 
    51  0003                     	;# 
    52  0004                     	;# 
    53  0005                     	;# 
    54  0006                     	;# 
    55  0008                     	;# 
    56  0009                     	;# 
    57  000A                     	;# 
    58  000B                     	;# 
    59  0081                     	;# 
    60  0085                     	;# 
    61  0086                     	;# 
    62  0088                     	;# 
    63  0089                     	;# 
    64  0000                     	;# 
    65  0001                     	;# 
    66  0002                     	;# 
    67  0003                     	;# 
    68  0004                     	;# 
    69  0005                     	;# 
    70  0006                     	;# 
    71  0008                     	;# 
    72  0009                     	;# 
    73  000A                     	;# 
    74  000B                     	;# 
    75  0081                     	;# 
    76  0085                     	;# 
    77  0086                     	;# 
    78  0088                     	;# 
    79  0089                     	;# 
    80  0006                     _PORTB	set	6
    81  000B                     _INTCON	set	11
    82  0059                     _INTF	set	89
    83  005F                     _GIE	set	95
    84  0081                     _OPTION_REG	set	129
    85  0086                     _TRISB	set	134
    86                           
    87                           	psect	cinit
    88  000C                     start_initialization:	
    89                           ; #config settings
    90                           
    91  000C                     __initialization:
    92  000C                     end_of_initialization:	
    93                           ;End of C runtime variable initialization code
    94                           
    95  000C                     __end_of__initialization:
    96  000C  0183               	clrf	3
    97  000D  282B               	ljmp	_main	;jump to C main() function
    98                           
    99                           	psect	cstackBANK0
   100  000C                     __pcstackBANK0:
   101  000C                     ?_main:
   102  000C                     ?_KESME:	
   103                           ; 1 bytes @ 0x0
   104                           
   105  000C                     ??_KESME:	
   106                           ; 1 bytes @ 0x0
   107                           
   108                           
   109                           ; 1 bytes @ 0x0
   110  000C                     	ds	5
   111  0011                     ??_main:
   112                           
   113                           ; 1 bytes @ 0x5
   114  0011                     	ds	1
   115                           
   116                           	psect	maintext
   117  002B                     __pmaintext:	
   118 ;;
   119 ;;Main: autosize = 0, tempsize = 1, incstack = 0, save=0
   120 ;;
   121 ;; *************** function _main *****************
   122 ;; Defined at:
   123 ;;		line 12 in file "main.c"
   124 ;; Parameters:    Size  Location     Type
   125 ;;		None
   126 ;; Auto vars:     Size  Location     Type
   127 ;;		None
   128 ;; Return value:  Size  Location     Type
   129 ;;                  1    wreg      void 
   130 ;; Registers used:
   131 ;;		wreg, status,2, status,0
   132 ;; Tracked objects:
   133 ;;		On entry : B00/0
   134 ;;		On exit  : 0/0
   135 ;;		Unchanged: 0/0
   136 ;; Data sizes:     COMMON   BANK0
   137 ;;      Params:         0       0
   138 ;;      Locals:         0       0
   139 ;;      Temps:          0       1
   140 ;;      Totals:         0       1
   141 ;;Total ram usage:        1 bytes
   142 ;; Hardware stack levels required when called: 1
   143 ;; This function calls:
   144 ;;		Nothing
   145 ;; This function is called by:
   146 ;;		Startup code after reset
   147 ;; This function uses a non-reentrant model
   148 ;;
   149                           
   150  002B                     _main:	
   151                           ;psect for function _main
   152                           
   153  002B                     l638:	
   154                           ;incstack = 0
   155                           ; Regs used in _main: [wreg+status,2+status,0]
   156                           
   157                           
   158                           ;main.c: 13:     TRISB &= ~(1 << 7);
   159  002B  307F               	movlw	127
   160  002C  1283               	bcf	3,5	;RP0=0, select bank0
   161  002D  0091               	movwf	??_main
   162  002E  0811               	movf	??_main,w
   163  002F  1683               	bsf	3,5	;RP0=1, select bank1
   164  0030  0586               	andwf	6,f	;volatile
   165  0031                     l640:
   166                           
   167                           ;main.c: 14:     INTCON |= (1 << 4 );
   168  0031  160B               	bsf	11,4	;volatile
   169  0032                     l642:
   170                           
   171                           ;main.c: 15:     OPTION_REG |= (1 << 6 );
   172  0032  1701               	bsf	1,6	;volatile
   173  0033                     l644:
   174                           
   175                           ;main.c: 16:     INTCON |= (1 << 7 );
   176  0033  178B               	bsf	11,7	;volatile
   177  0034                     l19:	
   178                           ;main.c: 18:     while(1){
   179                           
   180                           
   181                           ;main.c: 19:         PORTB &= ~(1 << 7);
   182  0034  307F               	movlw	127
   183  0035  1283               	bcf	3,5	;RP0=0, select bank0
   184  0036  0091               	movwf	??_main
   185  0037  0811               	movf	??_main,w
   186  0038  0586               	andwf	6,f	;volatile
   187  0039  2834               	goto	l19
   188  003A  280B               	ljmp	start
   189  003B                     __end_of_main:
   190                           
   191                           	psect	text1
   192  000E                     __ptext1:	
   193 ;; *************** function _KESME *****************
   194 ;; Defined at:
   195 ;;		line 24 in file "main.c"
   196 ;; Parameters:    Size  Location     Type
   197 ;;		None
   198 ;; Auto vars:     Size  Location     Type
   199 ;;		None
   200 ;; Return value:  Size  Location     Type
   201 ;;                  1    wreg      void 
   202 ;; Registers used:
   203 ;;		wreg
   204 ;; Tracked objects:
   205 ;;		On entry : 0/0
   206 ;;		On exit  : 0/0
   207 ;;		Unchanged: 0/0
   208 ;; Data sizes:     COMMON   BANK0
   209 ;;      Params:         0       0
   210 ;;      Locals:         0       0
   211 ;;      Temps:          0       5
   212 ;;      Totals:         0       5
   213 ;;Total ram usage:        5 bytes
   214 ;; Hardware stack levels used: 1
   215 ;; This function calls:
   216 ;;		Nothing
   217 ;; This function is called by:
   218 ;;		Interrupt level 1
   219 ;; This function uses a non-reentrant model
   220 ;;
   221                           
   222  000E                     _KESME:	
   223                           ;psect for function _KESME
   224                           
   225  000E                     i1l646:
   226                           
   227                           ;main.c: 26:      GIE=0;
   228  000E  138B               	bcf	11,7	;volatile
   229                           
   230                           ;main.c: 27:     if( INTF==1 ){
   231  000F  1C8B               	btfss	11,1	;volatile
   232  0010  2812               	goto	u2_21
   233  0011  2813               	goto	u2_20
   234  0012                     u2_21:
   235  0012  2821               	goto	i1l652
   236  0013                     u2_20:
   237  0013                     i1l648:
   238                           
   239                           ;main.c: 29:         PORTB |= (1 << 7);
   240  0013  1786               	bsf	6,7	;volatile
   241  0014                     i1l650:
   242                           
   243                           ;main.c: 30:         _delay((unsigned long)((1000)*(4000000/4000.0)));
   244  0014  3006               	movlw	6
   245  0015  008E               	movwf	??_KESME+2
   246  0016  3013               	movlw	19
   247  0017  008D               	movwf	??_KESME+1
   248  0018  30AD               	movlw	173
   249  0019  008C               	movwf	??_KESME
   250  001A                     u3_27:
   251  001A  0B8C               	decfsz	??_KESME,f
   252  001B  281A               	goto	u3_27
   253  001C  0B8D               	decfsz	??_KESME+1,f
   254  001D  281A               	goto	u3_27
   255  001E  0B8E               	decfsz	??_KESME+2,f
   256  001F  281A               	goto	u3_27
   257  0020  2821               	nop2
   258  0021                     i1l652:
   259                           
   260                           ;main.c: 32:       INTF=0;
   261  0021  108B               	bcf	11,1	;volatile
   262  0022                     i1l654:
   263                           
   264                           ;main.c: 33:       GIE=1;
   265  0022  178B               	bsf	11,7	;volatile
   266  0023                     i1l28:
   267  0023  1283               	bcf	3,5	;RP0=0, select bank0
   268  0024  0810               	movf	??_KESME+4,w
   269  0025  008A               	movwf	10
   270  0026  0E0F               	swapf	??_KESME+3,w
   271  0027  0083               	movwf	3
   272  0028  0ECE               	swapf	btemp,f
   273  0029  0E4E               	swapf	btemp,w
   274  002A  0009               	retfie
   275  002B                     __end_of_KESME:
   276  004E                     btemp	set	78	;btemp
   277  004E                     wtemp0	set	78
   278                           
   279                           	psect	intentry
   280  0004                     __pintentry:	
   281                           ;incstack = 0
   282                           ; Regs used in _KESME: [wreg]
   283                           
   284  0004                     interrupt_function:
   285  004E                     saved_w	set	btemp
   286  0004  00CE               	movwf	btemp
   287  0005  0E03               	swapf	3,w
   288  0006  1283               	bcf	3,5	;RP0=0, select bank0
   289  0007  008F               	movwf	??_KESME+3
   290  0008  080A               	movf	10,w
   291  0009  0090               	movwf	??_KESME+4
   292  000A  280E               	ljmp	_KESME
   293                           
   294                           	psect	idloc
   295                           
   296                           ;Config register IDLOC0 @ 0x2000
   297                           ;	unspecified, using default values
   298  2000                     	org	8192
   299  2000  3FFF               	dw	16383
   300                           
   301                           ;Config register IDLOC1 @ 0x2001
   302                           ;	unspecified, using default values
   303  2001                     	org	8193
   304  2001  3FFF               	dw	16383
   305                           
   306                           ;Config register IDLOC2 @ 0x2002
   307                           ;	unspecified, using default values
   308  2002                     	org	8194
   309  2002  3FFF               	dw	16383
   310                           
   311                           ;Config register IDLOC3 @ 0x2003
   312                           ;	unspecified, using default values
   313  2003                     	org	8195
   314  2003  3FFF               	dw	16383
   315                           
   316                           	psect	config
   317                           
   318                           ;Config register CONFIG @ 0x2007
   319                           ;	Oscillator Selection bits
   320                           ;	FOSC = EXTRC, RC oscillator
   321                           ;	Watchdog Timer
   322                           ;	WDTE = OFF, WDT disabled
   323                           ;	Power-up Timer Enable bit
   324                           ;	PWRTE = OFF, Power-up Timer is disabled
   325                           ;	Code Protection bit
   326                           ;	CP = OFF, Code protection disabled
   327  2007                     	org	8199
   328  2007  3FFB               	dw	16379

Data Sizes:
    Strings     0
    Constant    0
    Data        0
    BSS         0
    Persistent  0
    Stack       0

Auto Spaces:
    Space          Size  Autos    Used
    COMMON            0      0       0
    BANK0            66      6       6

Pointer List with Targets:

    None.

Critical Paths under _main in COMMON

    None.

Critical Paths under _KESME in COMMON

    None.

Critical Paths under _main in BANK0

    None.

Critical Paths under _KESME in BANK0

    None.

Call Graph Tables:

 ---------------------------------------------------------------------------------
 (Depth) Function   	        Calls       Base Space   Used Autos Params    Refs
 ---------------------------------------------------------------------------------
 (0) _main                                                 1     1      0       0
                                              5 BANK0      1     1      0
 ---------------------------------------------------------------------------------
 Estimated maximum stack depth 0
 ---------------------------------------------------------------------------------
 (Depth) Function   	        Calls       Base Space   Used Autos Params    Refs
 ---------------------------------------------------------------------------------
 (1) _KESME                                                5     5      0       0
                                              0 BANK0      5     5      0
 ---------------------------------------------------------------------------------
 Estimated maximum stack depth 1
 ---------------------------------------------------------------------------------

 Call Graph Graphs:

 _main (ROOT)

 _KESME (ROOT)

 Address spaces:
Name               Size   Autos  Total    Cost      Usage
BITCOMMON            0      0       0       0        0.0%
EEDATA              40      0       0       0        0.0%
NULL                 0      0       0       0        0.0%
CODE                 0      0       0       0        0.0%
BITSFR0              0      0       0       1        0.0%
SFR0                 0      0       0       1        0.0%
COMMON               0      0       0       1        0.0%
BITSFR1              0      0       0       2        0.0%
SFR1                 0      0       0       2        0.0%
STACK                0      0       0       2        0.0%
BANK0               42      6       6       3        9.1%
ABS                  0      0       0       4        0.0%
BITBANK0            42      0       0       5        0.0%
DATA                 0      0       0       6        0.0%


Microchip Technology PIC Macro Assembler V2.35 build 20211206165544 
Symbol Table                                                                                   Wed Feb 23 23:41:34 2022

                     l19 0034                      l640 0031                      l642 0032  
                    l644 0033                      l638 002B                      _GIE 005F  
                   _INTF 0059                     i1l28 0023                     u2_20 0013  
                   u2_21 0012                     u3_27 001A                     _main 002B  
                   btemp 004E                     start 000B                    ?_main 000C  
                  _KESME 000E                    i1l650 0014                    i1l652 0021  
                  i1l654 0022                    i1l646 000E                    i1l648 0013  
                  _PORTB 0006                    _TRISB 0086                    pclath 000A  
                  status 0003                    wtemp0 004E          __initialization 000C  
           __end_of_main 003B                   ??_main 0011                   ?_KESME 000C  
                 _INTCON 000B                   saved_w 004E  __end_of__initialization 000C  
          __end_of_KESME 002B                  ??_KESME 000C               __pmaintext 002B  
             __pintentry 0004                  __ptext1 000E     end_of_initialization 000C  
    start_initialization 000C                ___latbits 0000            __pcstackBANK0 000C  
      interrupt_function 0004                 intlevel1 0000               _OPTION_REG 0081  
