

Microchip MPLAB XC8 Assembler V2.35 build 20211206165544 
                                                                                               Thu Feb 10 18:03:15 2022

Microchip MPLAB XC8 C Compiler v2.35 (Free license) build 20211206165544 Og1 
     1                           	processor	16F84
     2                           	pagewidth 120
     3                           	opt	flic
     4                           	psect	cinit,global,class=CODE,merge=1,delta=2
     5                           	psect	cstackCOMMON,global,class=COMMON,space=1,delta=1,noexec
     6                           	psect	cstackBANK0,global,class=BANK0,space=1,delta=1,noexec
     7                           	psect	maintext,global,class=CODE,split=1,delta=2
     8                           	psect	idloc,global,abs,ovrld,class=IDLOC,space=5,delta=2,noexec
     9                           	psect	config,global,abs,ovrld,class=CONFIG,space=4,delta=2,noexec
    10                           	dabs	1,0x4E,2
    11  0000                     
    12                           ; Version 2.40
    13                           ; Generated 17/11/2021 GMT
    14                           ; 
    15                           ; Copyright © 2021, Microchip Technology Inc. and its subsidiaries ("Microchip")
    16                           ; All rights reserved.
    17                           ; 
    18                           ; This software is developed by Microchip Technology Inc. and its subsidiaries ("Microch
      +                          ip").
    19                           ; 
    20                           ; Redistribution and use in source and binary forms, with or without modification, are
    21                           ; permitted provided that the following conditions are met:
    22                           ; 
    23                           ;     1. Redistributions of source code must retain the above copyright notice, this lis
      +                          t of
    24                           ;        conditions and the following disclaimer.
    25                           ; 
    26                           ;     2. Redistributions in binary form must reproduce the above copyright notice, this 
      +                          list
    27                           ;        of conditions and the following disclaimer in the documentation and/or other
    28                           ;        materials provided with the distribution. Publication is not required when
    29                           ;        this file is used in an embedded application.
    30                           ; 
    31                           ;     3. Microchip's name may not be used to endorse or promote products derived from th
      +                          is
    32                           ;        software without specific prior written permission.
    33                           ; 
    34                           ; THIS SOFTWARE IS PROVIDED BY MICROCHIP "AS IS" AND ANY EXPRESS OR IMPLIED WARRANTIES,
    35                           ; INCLUDING, BUT NOT LIMITED TO, THE IMPLIED WARRANTIES OF MERCHANTABILITY AND FITNESS F
      +                          OR
    36                           ; PURPOSE ARE DISCLAIMED.  IN NO EVENT SHALL MICROCHIP BE LIABLE FOR ANY DIRECT, INDIREC
      +                          T,
    37                           ; INCIDENTAL, SPECIAL, EXEMPLARY, OR CONSEQUENTIAL DAMAGES (INCLUDING BUT NOT LIMITED TO
    38                           ; PROCUREMENT OF SUBSTITUTE GOODS OR SERVICES; LOSS OF USE, DATA OR PROFITS; OR BUSINESS
    39                           ; INTERRUPTION) HOWSOEVER CAUSED AND ON ANY THEORY OF LIABILITY, WHETHER IN CONTRACT, ST
      +                          RICT
    40                           ; LIABILITY, OR TORT (INCLUDING NEGLIGENCE OR OTHERWISE) ARISING IN ANY WAY OUT OF THE U
      +                          SE OF
    41                           ; THIS SOFTWARE, EVEN IF ADVISED OF THE POSSIBILITY OF SUCH DAMAGE.
    42                           ; 
    43                           ; 
    44                           ; Code-generator required, PIC16F84 Definitions
    45                           ; 
    46                           ; SFR Addresses
    47  0000                     	;# 
    48  0001                     	;# 
    49  0002                     	;# 
    50  0003                     	;# 
    51  0004                     	;# 
    52  0005                     	;# 
    53  0006                     	;# 
    54  0008                     	;# 
    55  0009                     	;# 
    56  000A                     	;# 
    57  000B                     	;# 
    58  0081                     	;# 
    59  0085                     	;# 
    60  0086                     	;# 
    61  0088                     	;# 
    62  0089                     	;# 
    63  0000                     	;# 
    64  0001                     	;# 
    65  0002                     	;# 
    66  0003                     	;# 
    67  0004                     	;# 
    68  0005                     	;# 
    69  0006                     	;# 
    70  0008                     	;# 
    71  0009                     	;# 
    72  000A                     	;# 
    73  000B                     	;# 
    74  0081                     	;# 
    75  0085                     	;# 
    76  0086                     	;# 
    77  0088                     	;# 
    78  0089                     	;# 
    79  0005                     _PORTA	set	5
    80  0031                     _RB1	set	49
    81  0086                     _TRISB	set	134
    82  0085                     _TRISA	set	133
    83                           
    84                           	psect	cinit
    85  03FE                     start_initialization:	
    86                           ; #config settings
    87                           
    88  03FE                     __initialization:
    89  03FE                     end_of_initialization:	
    90                           ;End of C runtime variable initialization code
    91                           
    92  03FE                     __end_of__initialization:
    93  03FE  0183               	clrf	3
    94  03FF  2BEE               	ljmp	_main	;jump to C main() function
    95                           
    96                           	psect	cstackCOMMON
    97  0000                     __pcstackCOMMON:
    98  0000                     ??_main:
    99                           
   100                           	psect	cstackBANK0
   101  0000                     __pcstackBANK0:	
   102                           ; 1 bytes @ 0x0
   103                           
   104  0000                     ?_main:
   105                           
   106                           	psect	maintext
   107  03EE                     __pmaintext:	
   108                           ; 1 bytes @ 0x0
   109 ;;
   110 ;;Main: autosize = 0, tempsize = 0, incstack = 0, save=0
   111 ;;
   112 ;; *************** function _main *****************
   113 ;; Defined at:
   114 ;;		line 19 in file "main.c"
   115 ;; Parameters:    Size  Location     Type
   116 ;;		None
   117 ;; Auto vars:     Size  Location     Type
   118 ;;		None
   119 ;; Return value:  Size  Location     Type
   120 ;;                  1    wreg      void 
   121 ;; Registers used:
   122 ;;		wreg
   123 ;; Tracked objects:
   124 ;;		On entry : B00/0
   125 ;;		On exit  : 0/0
   126 ;;		Unchanged: 0/0
   127 ;; Data sizes:     COMMON   BANK0
   128 ;;      Params:         0       0
   129 ;;      Locals:         0       0
   130 ;;      Temps:          0       0
   131 ;;      Totals:         0       0
   132 ;;Total ram usage:        0 bytes
   133 ;; This function calls:
   134 ;;		Nothing
   135 ;; This function is called by:
   136 ;;		Startup code after reset
   137 ;; This function uses a non-reentrant model
   138 ;;
   139                           
   140  03EE                     _main:	
   141                           ;psect for function _main
   142                           
   143  03EE                     l618:	
   144                           ;incstack = 0
   145                           ; Regs used in _main: [wreg]
   146                           
   147  03EE  3002               	movlw	2
   148  03EF  1683               	bsf	3,5	;RP0=1, select bank1
   149  03F0  0085               	movwf	5	;volatile
   150  03F1  3002               	movlw	2
   151  03F2  0086               	movwf	6	;volatile
   152  03F3                     l620:
   153  03F3  1283               	bcf	3,5	;RP0=0, select bank0
   154  03F4  1C86               	btfss	6,1	;volatile
   155  03F5  2BF7               	goto	u21
   156  03F6  2BF8               	goto	u20
   157  03F7                     u21:
   158  03F7  2BFA               	goto	l624
   159  03F8                     u20:
   160  03F8                     l622:
   161  03F8  1505               	bsf	5,2	;volatile
   162  03F9  2BF3               	goto	l620
   163  03FA                     l624:
   164  03FA  3002               	movlw	2
   165  03FB  0085               	movwf	5	;volatile
   166  03FC  2BF3               	goto	l620
   167  03FD  2800               	ljmp	start
   168  03FE                     __end_of_main:
   169  004E                     btemp	set	78	;btemp
   170  004E                     wtemp0	set	78
   171                           
   172                           	psect	idloc
   173                           
   174                           ;Config register IDLOC0 @ 0x2000
   175                           ;	unspecified, using default values
   176  2000                     	org	8192
   177  2000  3FFF               	dw	16383
   178                           
   179                           ;Config register IDLOC1 @ 0x2001
   180                           ;	unspecified, using default values
   181  2001                     	org	8193
   182  2001  3FFF               	dw	16383
   183                           
   184                           ;Config register IDLOC2 @ 0x2002
   185                           ;	unspecified, using default values
   186  2002                     	org	8194
   187  2002  3FFF               	dw	16383
   188                           
   189                           ;Config register IDLOC3 @ 0x2003
   190                           ;	unspecified, using default values
   191  2003                     	org	8195
   192  2003  3FFF               	dw	16383
   193                           
   194                           	psect	config
   195                           
   196                           ;Config register CONFIG @ 0x2007
   197                           ;	Oscillator Selection bits
   198                           ;	FOSC = HS, HS oscillator
   199                           ;	Watchdog Timer
   200                           ;	WDTE = OFF, WDT disabled
   201                           ;	Power-up Timer Enable bit
   202                           ;	PWRTE = OFF, Power-up Timer is disabled
   203                           ;	Code Protection bit
   204                           ;	CP = OFF, Code protection disabled
   205  2007                     	org	8199
   206  2007  3FFA               	dw	16378

Data Sizes:
    Strings     0
    Constant    0
    Data        0
    BSS         0
    Persistent  0
    Stack       0

Auto Spaces:
    Space          Size  Autos    Used
    COMMON            0      0       0
    BANK0            66      0       0

Pointer List with Targets:

    None.

Critical Paths under _main in COMMON

    None.

Critical Paths under _main in BANK0

    None.

Call Graph Tables:

 ---------------------------------------------------------------------------------
 (Depth) Function   	        Calls       Base Space   Used Autos Params    Refs
 ---------------------------------------------------------------------------------
 (0) _main                                                 0     0      0       0
 ---------------------------------------------------------------------------------
 Estimated maximum stack depth 0
 ---------------------------------------------------------------------------------

 Call Graph Graphs:

 _main (ROOT)

 Address spaces:
Name               Size   Autos  Total    Cost      Usage
BITCOMMON            0      0       0       0        0.0%
EEDATA              40      0       0       0        0.0%
NULL                 0      0       0       0        0.0%
CODE                 0      0       0       0        0.0%
BITSFR0              0      0       0       1        0.0%
SFR0                 0      0       0       1        0.0%
COMMON               0      0       0       1        0.0%
BITSFR1              0      0       0       2        0.0%
SFR1                 0      0       0       2        0.0%
STACK                0      0       0       2        0.0%
BANK0               42      0       0       3        0.0%
ABS                  0      0       0       4        0.0%
BITBANK0            42      0       0       5        0.0%
DATA                 0      0       0       6        0.0%


Microchip Technology PIC Macro Assembler V2.35 build 20211206165544 
Symbol Table                                                                                   Thu Feb 10 18:03:15 2022

                     u20 03F8                       u21 03F7                      l620 03F3  
                    l622 03F8                      l624 03FA                      l618 03EE  
                    _RB1 0031                     _main 03EE                     btemp 004E  
                   start 0000                    ?_main 0000                    _PORTA 0005  
                  _TRISA 0085                    _TRISB 0086                    status 0003  
                  wtemp0 004E          __initialization 03FE             __end_of_main 03FE  
                 ??_main 0000  __end_of__initialization 03FE           __pcstackCOMMON 0000  
             __pmaintext 03EE     end_of_initialization 03FE      start_initialization 03FE  
              ___latbits 0000            __pcstackBANK0 0000  
