

Microchip MPLAB XC8 Assembler V2.35 build 20211206165544 
                                                                                               Fri Feb 11 14:38:34 2022

Microchip MPLAB XC8 C Compiler v2.35 (Free license) build 20211206165544 Og1 
     1                           	processor	16F84
     2                           	pagewidth 120
     3                           	opt	flic
     4                           	psect	cinit,global,class=CODE,merge=1,delta=2
     5                           	psect	cstackBANK0,global,class=BANK0,space=1,delta=1,noexec
     6                           	psect	maintext,global,class=CODE,split=1,delta=2
     7                           	psect	idloc,global,abs,ovrld,class=IDLOC,space=5,delta=2,noexec
     8                           	psect	config,global,abs,ovrld,class=CONFIG,space=4,delta=2,noexec
     9                           	dabs	1,0x4E,2
    10  0000                     
    11                           ; Version 2.40
    12                           ; Generated 17/11/2021 GMT
    13                           ; 
    14                           ; Copyright © 2021, Microchip Technology Inc. and its subsidiaries ("Microchip")
    15                           ; All rights reserved.
    16                           ; 
    17                           ; This software is developed by Microchip Technology Inc. and its subsidiaries ("Microch
      +                          ip").
    18                           ; 
    19                           ; Redistribution and use in source and binary forms, with or without modification, are
    20                           ; permitted provided that the following conditions are met:
    21                           ; 
    22                           ;     1. Redistributions of source code must retain the above copyright notice, this lis
      +                          t of
    23                           ;        conditions and the following disclaimer.
    24                           ; 
    25                           ;     2. Redistributions in binary form must reproduce the above copyright notice, this 
      +                          list
    26                           ;        of conditions and the following disclaimer in the documentation and/or other
    27                           ;        materials provided with the distribution. Publication is not required when
    28                           ;        this file is used in an embedded application.
    29                           ; 
    30                           ;     3. Microchip's name may not be used to endorse or promote products derived from th
      +                          is
    31                           ;        software without specific prior written permission.
    32                           ; 
    33                           ; THIS SOFTWARE IS PROVIDED BY MICROCHIP "AS IS" AND ANY EXPRESS OR IMPLIED WARRANTIES,
    34                           ; INCLUDING, BUT NOT LIMITED TO, THE IMPLIED WARRANTIES OF MERCHANTABILITY AND FITNESS F
      +                          OR
    35                           ; PURPOSE ARE DISCLAIMED.  IN NO EVENT SHALL MICROCHIP BE LIABLE FOR ANY DIRECT, INDIREC
      +                          T,
    36                           ; INCIDENTAL, SPECIAL, EXEMPLARY, OR CONSEQUENTIAL DAMAGES (INCLUDING BUT NOT LIMITED TO
    37                           ; PROCUREMENT OF SUBSTITUTE GOODS OR SERVICES; LOSS OF USE, DATA OR PROFITS; OR BUSINESS
    38                           ; INTERRUPTION) HOWSOEVER CAUSED AND ON ANY THEORY OF LIABILITY, WHETHER IN CONTRACT, ST
      +                          RICT
    39                           ; LIABILITY, OR TORT (INCLUDING NEGLIGENCE OR OTHERWISE) ARISING IN ANY WAY OUT OF THE U
      +                          SE OF
    40                           ; THIS SOFTWARE, EVEN IF ADVISED OF THE POSSIBILITY OF SUCH DAMAGE.
    41                           ; 
    42                           ; 
    43                           ; Code-generator required, PIC16F84 Definitions
    44                           ; 
    45                           ; SFR Addresses
    46  0000                     	;# 
    47  0001                     	;# 
    48  0002                     	;# 
    49  0003                     	;# 
    50  0004                     	;# 
    51  0005                     	;# 
    52  0006                     	;# 
    53  0008                     	;# 
    54  0009                     	;# 
    55  000A                     	;# 
    56  000B                     	;# 
    57  0081                     	;# 
    58  0085                     	;# 
    59  0086                     	;# 
    60  0088                     	;# 
    61  0089                     	;# 
    62  0000                     	;# 
    63  0001                     	;# 
    64  0002                     	;# 
    65  0003                     	;# 
    66  0004                     	;# 
    67  0005                     	;# 
    68  0006                     	;# 
    69  0008                     	;# 
    70  0009                     	;# 
    71  000A                     	;# 
    72  000B                     	;# 
    73  0081                     	;# 
    74  0085                     	;# 
    75  0086                     	;# 
    76  0088                     	;# 
    77  0089                     	;# 
    78  0006                     _PORTB	set	6
    79  002A                     _RA2	set	42
    80  0086                     _TRISB	set	134
    81  0085                     _TRISA	set	133
    82                           
    83                           	psect	cinit
    84  03FE                     start_initialization:	
    85                           ; #config settings
    86                           
    87  03FE                     __initialization:
    88  03FE                     end_of_initialization:	
    89                           ;End of C runtime variable initialization code
    90                           
    91  03FE                     __end_of__initialization:
    92  03FE  0183               	clrf	3
    93  03FF  2BA3               	ljmp	_main	;jump to C main() function
    94                           
    95                           	psect	cstackBANK0
    96  000C                     __pcstackBANK0:
    97  000C                     ?_main:
    98  000C                     ??_main:	
    99                           ; 1 bytes @ 0x0
   100                           
   101                           
   102                           ; 1 bytes @ 0x0
   103  000C                     	ds	3
   104  000F                     main@counter:
   105                           
   106                           ; 1 bytes @ 0x3
   107  000F                     	ds	1
   108                           
   109                           	psect	maintext
   110  03A3                     __pmaintext:	
   111 ;;
   112 ;;Main: autosize = 0, tempsize = 3, incstack = 0, save=0
   113 ;;
   114 ;; *************** function _main *****************
   115 ;; Defined at:
   116 ;;		line 19 in file "main.c"
   117 ;; Parameters:    Size  Location     Type
   118 ;;		None
   119 ;; Auto vars:     Size  Location     Type
   120 ;;  counter         1    3[BANK0 ] unsigned char 
   121 ;; Return value:  Size  Location     Type
   122 ;;                  1    wreg      void 
   123 ;; Registers used:
   124 ;;		wreg, status,2, status,0
   125 ;; Tracked objects:
   126 ;;		On entry : B00/0
   127 ;;		On exit  : 0/0
   128 ;;		Unchanged: 0/0
   129 ;; Data sizes:     COMMON   BANK0
   130 ;;      Params:         0       0
   131 ;;      Locals:         0       1
   132 ;;      Temps:          0       3
   133 ;;      Totals:         0       4
   134 ;;Total ram usage:        4 bytes
   135 ;; This function calls:
   136 ;;		Nothing
   137 ;; This function is called by:
   138 ;;		Startup code after reset
   139 ;; This function uses a non-reentrant model
   140 ;;
   141                           
   142  03A3                     _main:	
   143                           ;psect for function _main
   144                           
   145  03A3                     l640:	
   146                           ;incstack = 0
   147                           ; Regs used in _main: [wreg+status,2+status,0]
   148                           
   149                           
   150                           ;main.c: 20:             }
   151  03A3  1683               	bsf	3,5	;RP0=1, select bank1
   152  03A4  1505               	bsf	5,2	;volatile
   153  03A5                     l642:
   154                           
   155                           ;main.c: 21:         }
   156  03A5  0186               	clrf	6	;volatile
   157                           
   158                           ;main.c: 22:     }
   159  03A6  1283               	bcf	3,5	;RP0=0, select bank0
   160  03A7  018F               	clrf	main@counter
   161  03A8                     l644:
   162  03A8  1283               	bcf	3,5	;RP0=0, select bank0
   163  03A9  1D05               	btfss	5,2	;volatile
   164  03AA  2BAC               	goto	u81
   165  03AB  2BAD               	goto	u80
   166  03AC                     u81:
   167  03AC  2BD2               	goto	l16
   168  03AD                     u80:
   169  03AD                     l646:
   170  03AD  3008               	movlw	8
   171  03AE  020F               	subwf	main@counter,w
   172  03AF  1803               	skipnc
   173  03B0  2BB2               	goto	u91
   174  03B1  2BB3               	goto	u90
   175  03B2                     u91:
   176  03B2  2BD2               	goto	l16
   177  03B3                     u90:
   178  03B3                     l648:
   179  03B3  3001               	movlw	1
   180  03B4  008C               	movwf	??_main
   181  03B5  0A0F               	incf	main@counter,w
   182  03B6  2BB9               	goto	u104
   183  03B7                     u105:
   184  03B7  1003               	clrc
   185  03B8  0D8C               	rlf	??_main,f
   186  03B9                     u104:
   187  03B9  3EFF               	addlw	-1
   188  03BA  1D03               	skipz
   189  03BB  2BB7               	goto	u105
   190  03BC  080C               	movf	??_main,w
   191  03BD  008D               	movwf	??_main+1
   192  03BE  080D               	movf	??_main+1,w
   193  03BF  0486               	iorwf	6,f	;volatile
   194  03C0  3001               	movlw	1
   195  03C1  008C               	movwf	??_main
   196  03C2  080C               	movf	??_main,w
   197  03C3  078F               	addwf	main@counter,f
   198  03C4                     l650:
   199  03C4  3002               	movlw	2
   200  03C5  008E               	movwf	??_main+2
   201  03C6  3045               	movlw	69
   202  03C7  008D               	movwf	??_main+1
   203  03C8  30A9               	movlw	169
   204  03C9  008C               	movwf	??_main
   205  03CA                     u157:
   206  03CA  0B8C               	decfsz	??_main,f
   207  03CB  2BCA               	goto	u157
   208  03CC  0B8D               	decfsz	??_main+1,f
   209  03CD  2BCA               	goto	u157
   210  03CE  0B8E               	decfsz	??_main+2,f
   211  03CF  2BCA               	goto	u157
   212  03D0  2BD1               	nop2
   213  03D1  2BA8               	goto	l644
   214  03D2                     l16:
   215  03D2  1D05               	btfss	5,2	;volatile
   216  03D3  2BD5               	goto	u111
   217  03D4  2BD6               	goto	u110
   218  03D5                     u111:
   219  03D5  2BA8               	goto	l644
   220  03D6                     u110:
   221  03D6                     l652:
   222  03D6  3008               	movlw	8
   223  03D7  020F               	subwf	main@counter,w
   224  03D8  1C03               	skipc
   225  03D9  2BDB               	goto	u121
   226  03DA  2BDC               	goto	u120
   227  03DB                     u121:
   228  03DB  2BA8               	goto	l644
   229  03DC                     u120:
   230  03DC  2BF7               	goto	l662
   231  03DD                     l656:
   232  03DD  3001               	movlw	1
   233  03DE  008C               	movwf	??_main
   234  03DF  0A0F               	incf	main@counter,w
   235  03E0  2BE3               	goto	u134
   236  03E1                     u135:
   237  03E1  1003               	clrc
   238  03E2  0D8C               	rlf	??_main,f
   239  03E3                     u134:
   240  03E3  3EFF               	addlw	-1
   241  03E4  1D03               	skipz
   242  03E5  2BE1               	goto	u135
   243  03E6  080C               	movf	??_main,w
   244  03E7  3AFF               	xorlw	255
   245  03E8  008D               	movwf	??_main+1
   246  03E9  080D               	movf	??_main+1,w
   247  03EA  0586               	andwf	6,f	;volatile
   248  03EB                     l658:
   249  03EB  3082               	movlw	130
   250  03EC  008D               	movwf	??_main+1
   251  03ED  30DD               	movlw	221
   252  03EE  008C               	movwf	??_main
   253  03EF                     u167:
   254  03EF  0B8C               	decfsz	??_main,f
   255  03F0  2BEF               	goto	u167
   256  03F1  0B8D               	decfsz	??_main+1,f
   257  03F2  2BEF               	goto	u167
   258  03F3  2BF4               	nop2
   259  03F4                     l660:
   260  03F4  3001               	movlw	1
   261  03F5  1283               	bcf	3,5	;RP0=0, select bank0
   262  03F6  028F               	subwf	main@counter,f
   263  03F7                     l662:
   264  03F7  080F               	movf	main@counter,w
   265  03F8  1D03               	btfss	3,2
   266  03F9  2BFB               	goto	u141
   267  03FA  2BFC               	goto	u140
   268  03FB                     u141:
   269  03FB  2BDD               	goto	l656
   270  03FC                     u140:
   271  03FC  2BA8               	goto	l644
   272  03FD  2800               	ljmp	start
   273  03FE                     __end_of_main:
   274  004E                     btemp	set	78	;btemp
   275  004E                     wtemp0	set	78
   276                           
   277                           	psect	idloc
   278                           
   279                           ;Config register IDLOC0 @ 0x2000
   280                           ;	unspecified, using default values
   281  2000                     	org	8192
   282  2000  3FFF               	dw	16383
   283                           
   284                           ;Config register IDLOC1 @ 0x2001
   285                           ;	unspecified, using default values
   286  2001                     	org	8193
   287  2001  3FFF               	dw	16383
   288                           
   289                           ;Config register IDLOC2 @ 0x2002
   290                           ;	unspecified, using default values
   291  2002                     	org	8194
   292  2002  3FFF               	dw	16383
   293                           
   294                           ;Config register IDLOC3 @ 0x2003
   295                           ;	unspecified, using default values
   296  2003                     	org	8195
   297  2003  3FFF               	dw	16383
   298                           
   299                           	psect	config
   300                           
   301                           ;Config register CONFIG @ 0x2007
   302                           ;	Oscillator Selection bits
   303                           ;	FOSC = HS, HS oscillator
   304                           ;	Watchdog Timer
   305                           ;	WDTE = OFF, WDT disabled
   306                           ;	Power-up Timer Enable bit
   307                           ;	PWRTE = OFF, Power-up Timer is disabled
   308                           ;	Code Protection bit
   309                           ;	CP = OFF, Code protection disabled
   310  2007                     	org	8199
   311  2007  3FFA               	dw	16378

Data Sizes:
    Strings     0
    Constant    0
    Data        0
    BSS         0
    Persistent  0
    Stack       0

Auto Spaces:
    Space          Size  Autos    Used
    COMMON            0      0       0
    BANK0            66      4       4

Pointer List with Targets:

    None.

Critical Paths under _main in COMMON

    None.

Critical Paths under _main in BANK0

    None.

Call Graph Tables:

 ---------------------------------------------------------------------------------
 (Depth) Function   	        Calls       Base Space   Used Autos Params    Refs
 ---------------------------------------------------------------------------------
 (0) _main                                                 4     4      0     113
                                              0 BANK0      4     4      0
 ---------------------------------------------------------------------------------
 Estimated maximum stack depth 0
 ---------------------------------------------------------------------------------

 Call Graph Graphs:

 _main (ROOT)

 Address spaces:
Name               Size   Autos  Total    Cost      Usage
BITCOMMON            0      0       0       0        0.0%
EEDATA              40      0       0       0        0.0%
NULL                 0      0       0       0        0.0%
CODE                 0      0       0       0        0.0%
BITSFR0              0      0       0       1        0.0%
SFR0                 0      0       0       1        0.0%
COMMON               0      0       0       1        0.0%
BITSFR1              0      0       0       2        0.0%
SFR1                 0      0       0       2        0.0%
STACK                0      0       0       2        0.0%
BANK0               42      4       4       3        6.1%
ABS                  0      0       0       4        0.0%
BITBANK0            42      0       0       5        0.0%
DATA                 0      0       0       6        0.0%


Microchip Technology PIC Macro Assembler V2.35 build 20211206165544 
Symbol Table                                                                                   Fri Feb 11 14:38:34 2022

                     l16 03D2                       u80 03AD                       u81 03AC  
                     u90 03B3                       u91 03B2                      l640 03A3  
                    l650 03C4                      l642 03A5                      l660 03F4  
                    l652 03D6                      l644 03A8                      l662 03F7  
                    l646 03AD                      l656 03DD                      l648 03B3  
                    l658 03EB                      _RA2 002A                      u110 03D6  
                    u111 03D5                      u120 03DC                      u104 03B9  
                    u121 03DB                      u105 03B7                      u140 03FC  
                    u141 03FB                      u134 03E3                      u135 03E1  
                    u157 03CA                      u167 03EF              main@counter 000F  
                   _main 03A3                     btemp 004E                     start 0000  
                  ?_main 000C                    _PORTB 0006                    _TRISA 0085  
                  _TRISB 0086                    status 0003                    wtemp0 004E  
        __initialization 03FE             __end_of_main 03FE                   ??_main 000C  
__end_of__initialization 03FE               __pmaintext 03A3     end_of_initialization 03FE  
    start_initialization 03FE                ___latbits 0000            __pcstackBANK0 000C  
