

Microchip MPLAB XC8 Assembler V2.35 build 20211206165544 
                                                                                               Thu Feb 10 15:55:34 2022

Microchip MPLAB XC8 C Compiler v2.35 (Free license) build 20211206165544 Og1 
     1                           	processor	16F84
     2                           	pagewidth 120
     3                           	opt	flic
     4                           	psect	cinit,global,class=CODE,merge=1,delta=2
     5                           	psect	cstackBANK0,global,class=BANK0,space=1,delta=1,noexec
     6                           	psect	maintext,global,class=CODE,split=1,delta=2
     7                           	psect	idloc,global,abs,ovrld,class=IDLOC,space=5,delta=2,noexec
     8                           	psect	config,global,abs,ovrld,class=CONFIG,space=4,delta=2,noexec
     9                           	dabs	1,0x4E,2
    10  0000                     
    11                           ; Version 2.40
    12                           ; Generated 17/11/2021 GMT
    13                           ; 
    14                           ; Copyright © 2021, Microchip Technology Inc. and its subsidiaries ("Microchip")
    15                           ; All rights reserved.
    16                           ; 
    17                           ; This software is developed by Microchip Technology Inc. and its subsidiaries ("Microch
      +                          ip").
    18                           ; 
    19                           ; Redistribution and use in source and binary forms, with or without modification, are
    20                           ; permitted provided that the following conditions are met:
    21                           ; 
    22                           ;     1. Redistributions of source code must retain the above copyright notice, this lis
      +                          t of
    23                           ;        conditions and the following disclaimer.
    24                           ; 
    25                           ;     2. Redistributions in binary form must reproduce the above copyright notice, this 
      +                          list
    26                           ;        of conditions and the following disclaimer in the documentation and/or other
    27                           ;        materials provided with the distribution. Publication is not required when
    28                           ;        this file is used in an embedded application.
    29                           ; 
    30                           ;     3. Microchip's name may not be used to endorse or promote products derived from th
      +                          is
    31                           ;        software without specific prior written permission.
    32                           ; 
    33                           ; THIS SOFTWARE IS PROVIDED BY MICROCHIP "AS IS" AND ANY EXPRESS OR IMPLIED WARRANTIES,
    34                           ; INCLUDING, BUT NOT LIMITED TO, THE IMPLIED WARRANTIES OF MERCHANTABILITY AND FITNESS F
      +                          OR
    35                           ; PURPOSE ARE DISCLAIMED.  IN NO EVENT SHALL MICROCHIP BE LIABLE FOR ANY DIRECT, INDIREC
      +                          T,
    36                           ; INCIDENTAL, SPECIAL, EXEMPLARY, OR CONSEQUENTIAL DAMAGES (INCLUDING BUT NOT LIMITED TO
    37                           ; PROCUREMENT OF SUBSTITUTE GOODS OR SERVICES; LOSS OF USE, DATA OR PROFITS; OR BUSINESS
    38                           ; INTERRUPTION) HOWSOEVER CAUSED AND ON ANY THEORY OF LIABILITY, WHETHER IN CONTRACT, ST
      +                          RICT
    39                           ; LIABILITY, OR TORT (INCLUDING NEGLIGENCE OR OTHERWISE) ARISING IN ANY WAY OUT OF THE U
      +                          SE OF
    40                           ; THIS SOFTWARE, EVEN IF ADVISED OF THE POSSIBILITY OF SUCH DAMAGE.
    41                           ; 
    42                           ; 
    43                           ; Code-generator required, PIC16F84 Definitions
    44                           ; 
    45                           ; SFR Addresses
    46  0000                     	;# 
    47  0001                     	;# 
    48  0002                     	;# 
    49  0003                     	;# 
    50  0004                     	;# 
    51  0005                     	;# 
    52  0006                     	;# 
    53  0008                     	;# 
    54  0009                     	;# 
    55  000A                     	;# 
    56  000B                     	;# 
    57  0081                     	;# 
    58  0085                     	;# 
    59  0086                     	;# 
    60  0088                     	;# 
    61  0089                     	;# 
    62  0000                     	;# 
    63  0001                     	;# 
    64  0002                     	;# 
    65  0003                     	;# 
    66  0004                     	;# 
    67  0005                     	;# 
    68  0006                     	;# 
    69  0008                     	;# 
    70  0009                     	;# 
    71  000A                     	;# 
    72  000B                     	;# 
    73  0081                     	;# 
    74  0085                     	;# 
    75  0086                     	;# 
    76  0088                     	;# 
    77  0089                     	;# 
    78  0006                     _PORTB	set	6
    79  0086                     _TRISB	set	134
    80                           
    81                           	psect	cinit
    82  03FE                     start_initialization:	
    83                           ; #config settings
    84                           
    85  03FE                     __initialization:
    86  03FE                     end_of_initialization:	
    87                           ;End of C runtime variable initialization code
    88                           
    89  03FE                     __end_of__initialization:
    90  03FE  0183               	clrf	3
    91  03FF  2BDB               	ljmp	_main	;jump to C main() function
    92                           
    93                           	psect	cstackBANK0
    94  000C                     __pcstackBANK0:
    95  000C                     ?_main:
    96  000C                     ??_main:	
    97                           ; 1 bytes @ 0x0
    98                           
    99                           
   100                           ; 1 bytes @ 0x0
   101  000C                     	ds	3
   102                           
   103                           	psect	maintext
   104  03DB                     __pmaintext:	
   105 ;;
   106 ;;Main: autosize = 0, tempsize = 3, incstack = 0, save=0
   107 ;;
   108 ;; *************** function _main *****************
   109 ;; Defined at:
   110 ;;		line 19 in file "main.c"
   111 ;; Parameters:    Size  Location     Type
   112 ;;		None
   113 ;; Auto vars:     Size  Location     Type
   114 ;;		None
   115 ;; Return value:  Size  Location     Type
   116 ;;                  1    wreg      void 
   117 ;; Registers used:
   118 ;;		wreg, status,2
   119 ;; Tracked objects:
   120 ;;		On entry : B00/0
   121 ;;		On exit  : 0/0
   122 ;;		Unchanged: 0/0
   123 ;; Data sizes:     COMMON   BANK0
   124 ;;      Params:         0       0
   125 ;;      Locals:         0       0
   126 ;;      Temps:          0       3
   127 ;;      Totals:         0       3
   128 ;;Total ram usage:        3 bytes
   129 ;; This function calls:
   130 ;;		Nothing
   131 ;; This function is called by:
   132 ;;		Startup code after reset
   133 ;; This function uses a non-reentrant model
   134 ;;
   135                           
   136  03DB                     _main:	
   137                           ;psect for function _main
   138                           
   139  03DB                     l614:	
   140                           ;incstack = 0
   141                           ; Regs used in _main: [wreg+status,2]
   142                           
   143  03DB  1683               	bsf	3,5	;RP0=1, select bank1
   144  03DC  0186               	clrf	6	;volatile
   145  03DD                     l616:
   146  03DD  3001               	movlw	1
   147  03DE  1283               	bcf	3,5	;RP0=0, select bank0
   148  03DF  0086               	movwf	6	;volatile
   149  03E0                     l618:
   150  03E0  3003               	movlw	3
   151  03E1  008E               	movwf	??_main+2
   152  03E2  308A               	movlw	138
   153  03E3  008D               	movwf	??_main+1
   154  03E4  3055               	movlw	85
   155  03E5  008C               	movwf	??_main
   156  03E6                     u17:
   157  03E6  0B8C               	decfsz	??_main,f
   158  03E7  2BE6               	goto	u17
   159  03E8  0B8D               	decfsz	??_main+1,f
   160  03E9  2BE6               	goto	u17
   161  03EA  0B8E               	decfsz	??_main+2,f
   162  03EB  2BE6               	goto	u17
   163  03EC  2BED               	nop2
   164  03ED  1283               	bcf	3,5	;RP0=0, select bank0
   165  03EE  0186               	clrf	6	;volatile
   166  03EF                     l620:
   167  03EF  3003               	movlw	3
   168  03F0  008E               	movwf	??_main+2
   169  03F1  308A               	movlw	138
   170  03F2  008D               	movwf	??_main+1
   171  03F3  3055               	movlw	85
   172  03F4  008C               	movwf	??_main
   173  03F5                     u27:
   174  03F5  0B8C               	decfsz	??_main,f
   175  03F6  2BF5               	goto	u27
   176  03F7  0B8D               	decfsz	??_main+1,f
   177  03F8  2BF5               	goto	u27
   178  03F9  0B8E               	decfsz	??_main+2,f
   179  03FA  2BF5               	goto	u27
   180  03FB  2BFC               	nop2
   181  03FC  2BDD               	goto	l616
   182  03FD  2800               	ljmp	start
   183  03FE                     __end_of_main:
   184  004E                     btemp	set	78	;btemp
   185  004E                     wtemp0	set	78
   186                           
   187                           	psect	idloc
   188                           
   189                           ;Config register IDLOC0 @ 0x2000
   190                           ;	unspecified, using default values
   191  2000                     	org	8192
   192  2000  3FFF               	dw	16383
   193                           
   194                           ;Config register IDLOC1 @ 0x2001
   195                           ;	unspecified, using default values
   196  2001                     	org	8193
   197  2001  3FFF               	dw	16383
   198                           
   199                           ;Config register IDLOC2 @ 0x2002
   200                           ;	unspecified, using default values
   201  2002                     	org	8194
   202  2002  3FFF               	dw	16383
   203                           
   204                           ;Config register IDLOC3 @ 0x2003
   205                           ;	unspecified, using default values
   206  2003                     	org	8195
   207  2003  3FFF               	dw	16383
   208                           
   209                           	psect	config
   210                           
   211                           ;Config register CONFIG @ 0x2007
   212                           ;	Oscillator Selection bits
   213                           ;	FOSC = HS, HS oscillator
   214                           ;	Watchdog Timer
   215                           ;	WDTE = OFF, WDT disabled
   216                           ;	Power-up Timer Enable bit
   217                           ;	PWRTE = OFF, Power-up Timer is disabled
   218                           ;	Code Protection bit
   219                           ;	CP = OFF, Code protection disabled
   220  2007                     	org	8199
   221  2007  3FFA               	dw	16378

Data Sizes:
    Strings     0
    Constant    0
    Data        0
    BSS         0
    Persistent  0
    Stack       0

Auto Spaces:
    Space          Size  Autos    Used
    COMMON            0      0       0
    BANK0            66      3       3

Pointer List with Targets:

    None.

Critical Paths under _main in COMMON

    None.

Critical Paths under _main in BANK0

    None.

Call Graph Tables:

 ---------------------------------------------------------------------------------
 (Depth) Function   	        Calls       Base Space   Used Autos Params    Refs
 ---------------------------------------------------------------------------------
 (0) _main                                                 3     3      0       0
                                              0 BANK0      3     3      0
 ---------------------------------------------------------------------------------
 Estimated maximum stack depth 0
 ---------------------------------------------------------------------------------

 Call Graph Graphs:

 _main (ROOT)

 Address spaces:
Name               Size   Autos  Total    Cost      Usage
BITCOMMON            0      0       0       0        0.0%
EEDATA              40      0       0       0        0.0%
NULL                 0      0       0       0        0.0%
CODE                 0      0       0       0        0.0%
BITSFR0              0      0       0       1        0.0%
SFR0                 0      0       0       1        0.0%
COMMON               0      0       0       1        0.0%
BITSFR1              0      0       0       2        0.0%
SFR1                 0      0       0       2        0.0%
STACK                0      0       0       2        0.0%
BANK0               42      3       3       3        4.5%
ABS                  0      0       0       4        0.0%
BITBANK0            42      0       0       5        0.0%
DATA                 0      0       0       6        0.0%


Microchip Technology PIC Macro Assembler V2.35 build 20211206165544 
Symbol Table                                                                                   Thu Feb 10 15:55:34 2022

                     u17 03E6                       u27 03F5                      l620 03EF  
                    l614 03DB                      l616 03DD                      l618 03E0  
                   _main 03DB                     btemp 004E                     start 0000  
                  ?_main 000C                    _PORTB 0006                    _TRISB 0086  
                  status 0003                    wtemp0 004E          __initialization 03FE  
           __end_of_main 03FE                   ??_main 000C  __end_of__initialization 03FE  
             __pmaintext 03DB     end_of_initialization 03FE      start_initialization 03FE  
              ___latbits 0000            __pcstackBANK0 000C  
