

Microchip MPLAB XC8 Assembler V2.35 build 20211206165544 
                                                                                               Fri Feb 11 17:39:08 2022

Microchip MPLAB XC8 C Compiler v2.35 (Free license) build 20211206165544 Og1 
     1                           	processor	16F84
     2                           	pagewidth 120
     3                           	opt	flic
     4                           	psect	cinit,global,class=CODE,merge=1,delta=2
     5                           	psect	cstackBANK0,global,class=BANK0,space=1,delta=1,noexec
     6                           	psect	maintext,global,class=CODE,split=1,delta=2
     7                           	psect	idloc,global,abs,ovrld,class=IDLOC,space=5,delta=2,noexec
     8                           	psect	config,global,abs,ovrld,class=CONFIG,space=4,delta=2,noexec
     9                           	dabs	1,0x4E,2
    10  0000                     
    11                           ; Version 2.40
    12                           ; Generated 17/11/2021 GMT
    13                           ; 
    14                           ; Copyright © 2021, Microchip Technology Inc. and its subsidiaries ("Microchip")
    15                           ; All rights reserved.
    16                           ; 
    17                           ; This software is developed by Microchip Technology Inc. and its subsidiaries ("Microch
      +                          ip").
    18                           ; 
    19                           ; Redistribution and use in source and binary forms, with or without modification, are
    20                           ; permitted provided that the following conditions are met:
    21                           ; 
    22                           ;     1. Redistributions of source code must retain the above copyright notice, this lis
      +                          t of
    23                           ;        conditions and the following disclaimer.
    24                           ; 
    25                           ;     2. Redistributions in binary form must reproduce the above copyright notice, this 
      +                          list
    26                           ;        of conditions and the following disclaimer in the documentation and/or other
    27                           ;        materials provided with the distribution. Publication is not required when
    28                           ;        this file is used in an embedded application.
    29                           ; 
    30                           ;     3. Microchip's name may not be used to endorse or promote products derived from th
      +                          is
    31                           ;        software without specific prior written permission.
    32                           ; 
    33                           ; THIS SOFTWARE IS PROVIDED BY MICROCHIP "AS IS" AND ANY EXPRESS OR IMPLIED WARRANTIES,
    34                           ; INCLUDING, BUT NOT LIMITED TO, THE IMPLIED WARRANTIES OF MERCHANTABILITY AND FITNESS F
      +                          OR
    35                           ; PURPOSE ARE DISCLAIMED.  IN NO EVENT SHALL MICROCHIP BE LIABLE FOR ANY DIRECT, INDIREC
      +                          T,
    36                           ; INCIDENTAL, SPECIAL, EXEMPLARY, OR CONSEQUENTIAL DAMAGES (INCLUDING BUT NOT LIMITED TO
    37                           ; PROCUREMENT OF SUBSTITUTE GOODS OR SERVICES; LOSS OF USE, DATA OR PROFITS; OR BUSINESS
    38                           ; INTERRUPTION) HOWSOEVER CAUSED AND ON ANY THEORY OF LIABILITY, WHETHER IN CONTRACT, ST
      +                          RICT
    39                           ; LIABILITY, OR TORT (INCLUDING NEGLIGENCE OR OTHERWISE) ARISING IN ANY WAY OUT OF THE U
      +                          SE OF
    40                           ; THIS SOFTWARE, EVEN IF ADVISED OF THE POSSIBILITY OF SUCH DAMAGE.
    41                           ; 
    42                           ; 
    43                           ; Code-generator required, PIC16F84 Definitions
    44                           ; 
    45                           ; SFR Addresses
    46  0000                     	;# 
    47  0001                     	;# 
    48  0002                     	;# 
    49  0003                     	;# 
    50  0004                     	;# 
    51  0005                     	;# 
    52  0006                     	;# 
    53  0008                     	;# 
    54  0009                     	;# 
    55  000A                     	;# 
    56  000B                     	;# 
    57  0081                     	;# 
    58  0085                     	;# 
    59  0086                     	;# 
    60  0088                     	;# 
    61  0089                     	;# 
    62  0000                     	;# 
    63  0001                     	;# 
    64  0002                     	;# 
    65  0003                     	;# 
    66  0004                     	;# 
    67  0005                     	;# 
    68  0006                     	;# 
    69  0008                     	;# 
    70  0009                     	;# 
    71  000A                     	;# 
    72  000B                     	;# 
    73  0081                     	;# 
    74  0085                     	;# 
    75  0086                     	;# 
    76  0088                     	;# 
    77  0089                     	;# 
    78  0006                     _PORTB	set	6
    79  0086                     _TRISB	set	134
    80                           
    81                           	psect	cinit
    82  03FE                     start_initialization:	
    83                           ; #config settings
    84                           
    85  03FE                     __initialization:
    86  03FE                     end_of_initialization:	
    87                           ;End of C runtime variable initialization code
    88                           
    89  03FE                     __end_of__initialization:
    90  03FE  0183               	clrf	3
    91  03FF  2BD3               	ljmp	_main	;jump to C main() function
    92                           
    93                           	psect	cstackBANK0
    94  000C                     __pcstackBANK0:
    95  000C                     ?_main:
    96  000C                     ??_main:	
    97                           ; 1 bytes @ 0x0
    98                           
    99                           
   100                           ; 1 bytes @ 0x0
   101  000C                     	ds	3
   102  000F                     main@counter:
   103                           
   104                           ; 1 bytes @ 0x3
   105  000F                     	ds	1
   106                           
   107                           	psect	maintext
   108  03D3                     __pmaintext:	
   109 ;;
   110 ;;Main: autosize = 0, tempsize = 3, incstack = 0, save=0
   111 ;;
   112 ;; *************** function _main *****************
   113 ;; Defined at:
   114 ;;		line 20 in file "main.c"
   115 ;; Parameters:    Size  Location     Type
   116 ;;		None
   117 ;; Auto vars:     Size  Location     Type
   118 ;;  counter         1    3[BANK0 ] unsigned char 
   119 ;; Return value:  Size  Location     Type
   120 ;;                  1    wreg      void 
   121 ;; Registers used:
   122 ;;		wreg, status,2, status,0
   123 ;; Tracked objects:
   124 ;;		On entry : B00/0
   125 ;;		On exit  : 0/0
   126 ;;		Unchanged: 0/0
   127 ;; Data sizes:     COMMON   BANK0
   128 ;;      Params:         0       0
   129 ;;      Locals:         0       1
   130 ;;      Temps:          0       3
   131 ;;      Totals:         0       4
   132 ;;Total ram usage:        4 bytes
   133 ;; This function calls:
   134 ;;		Nothing
   135 ;; This function is called by:
   136 ;;		Startup code after reset
   137 ;; This function uses a non-reentrant model
   138 ;;
   139                           
   140  03D3                     _main:	
   141                           ;psect for function _main
   142                           
   143  03D3                     l629:	
   144                           ;incstack = 0
   145                           ; Regs used in _main: [wreg+status,2+status,0]
   146                           
   147                           
   148                           ;main.c: 21:           }
   149  03D3  1683               	bsf	3,5	;RP0=1, select bank1
   150  03D4  0186               	clrf	6	;volatile
   151                           
   152                           ;main.c: 22: 
   153  03D5  1283               	bcf	3,5	;RP0=0, select bank0
   154  03D6  0186               	clrf	6	;volatile
   155                           
   156                           ;main.c: 23:       }
   157  03D7  018F               	clrf	main@counter
   158  03D8  2BF6               	goto	l12
   159  03D9                     l631:
   160  03D9  3001               	movlw	1
   161  03DA  008C               	movwf	??_main
   162  03DB  0A0F               	incf	main@counter,w
   163  03DC  2BDF               	goto	u34
   164  03DD                     u35:
   165  03DD  1003               	clrc
   166  03DE  0D8C               	rlf	??_main,f
   167  03DF                     u34:
   168  03DF  3EFF               	addlw	-1
   169  03E0  1D03               	skipz
   170  03E1  2BDD               	goto	u35
   171  03E2  080C               	movf	??_main,w
   172  03E3  0086               	movwf	6	;volatile
   173  03E4                     l633:
   174  03E4  3003               	movlw	3
   175  03E5  008E               	movwf	??_main+2
   176  03E6  308A               	movlw	138
   177  03E7  008D               	movwf	??_main+1
   178  03E8  3055               	movlw	85
   179  03E9  008C               	movwf	??_main
   180  03EA                     u57:
   181  03EA  0B8C               	decfsz	??_main,f
   182  03EB  2BEA               	goto	u57
   183  03EC  0B8D               	decfsz	??_main+1,f
   184  03ED  2BEA               	goto	u57
   185  03EE  0B8E               	decfsz	??_main+2,f
   186  03EF  2BEA               	goto	u57
   187  03F0  2BF1               	nop2
   188  03F1                     l635:
   189  03F1  3001               	movlw	1
   190  03F2  1283               	bcf	3,5	;RP0=0, select bank0
   191  03F3  008C               	movwf	??_main
   192  03F4  080C               	movf	??_main,w
   193  03F5  078F               	addwf	main@counter,f
   194  03F6                     l12:
   195  03F6  3008               	movlw	8
   196  03F7  020F               	subwf	main@counter,w
   197  03F8  1C03               	skipc
   198  03F9  2BFB               	goto	u41
   199  03FA  2BFC               	goto	u40
   200  03FB                     u41:
   201  03FB  2BD9               	goto	l631
   202  03FC                     u40:
   203  03FC  2BF6               	goto	l12
   204  03FD  2800               	ljmp	start
   205  03FE                     __end_of_main:
   206  004E                     btemp	set	78	;btemp
   207  004E                     wtemp0	set	78
   208                           
   209                           	psect	idloc
   210                           
   211                           ;Config register IDLOC0 @ 0x2000
   212                           ;	unspecified, using default values
   213  2000                     	org	8192
   214  2000  3FFF               	dw	16383
   215                           
   216                           ;Config register IDLOC1 @ 0x2001
   217                           ;	unspecified, using default values
   218  2001                     	org	8193
   219  2001  3FFF               	dw	16383
   220                           
   221                           ;Config register IDLOC2 @ 0x2002
   222                           ;	unspecified, using default values
   223  2002                     	org	8194
   224  2002  3FFF               	dw	16383
   225                           
   226                           ;Config register IDLOC3 @ 0x2003
   227                           ;	unspecified, using default values
   228  2003                     	org	8195
   229  2003  3FFF               	dw	16383
   230                           
   231                           	psect	config
   232                           
   233                           ;Config register CONFIG @ 0x2007
   234                           ;	Oscillator Selection bits
   235                           ;	FOSC = HS, HS oscillator
   236                           ;	Watchdog Timer
   237                           ;	WDTE = OFF, WDT disabled
   238                           ;	Power-up Timer Enable bit
   239                           ;	PWRTE = OFF, Power-up Timer is disabled
   240                           ;	Code Protection bit
   241                           ;	CP = OFF, Code protection disabled
   242  2007                     	org	8199
   243  2007  3FFA               	dw	16378

Data Sizes:
    Strings     0
    Constant    0
    Data        0
    BSS         0
    Persistent  0
    Stack       0

Auto Spaces:
    Space          Size  Autos    Used
    COMMON            0      0       0
    BANK0            66      4       4

Pointer List with Targets:

    None.

Critical Paths under _main in COMMON

    None.

Critical Paths under _main in BANK0

    None.

Call Graph Tables:

 ---------------------------------------------------------------------------------
 (Depth) Function   	        Calls       Base Space   Used Autos Params    Refs
 ---------------------------------------------------------------------------------
 (0) _main                                                 4     4      0      91
                                              0 BANK0      4     4      0
 ---------------------------------------------------------------------------------
 Estimated maximum stack depth 0
 ---------------------------------------------------------------------------------

 Call Graph Graphs:

 _main (ROOT)

 Address spaces:
Name               Size   Autos  Total    Cost      Usage
BITCOMMON            0      0       0       0        0.0%
EEDATA              40      0       0       0        0.0%
NULL                 0      0       0       0        0.0%
CODE                 0      0       0       0        0.0%
BITSFR0              0      0       0       1        0.0%
SFR0                 0      0       0       1        0.0%
COMMON               0      0       0       1        0.0%
BITSFR1              0      0       0       2        0.0%
SFR1                 0      0       0       2        0.0%
STACK                0      0       0       2        0.0%
BANK0               42      4       4       3        6.1%
ABS                  0      0       0       4        0.0%
BITBANK0            42      0       0       5        0.0%
DATA                 0      0       0       6        0.0%


Microchip Technology PIC Macro Assembler V2.35 build 20211206165544 
Symbol Table                                                                                   Fri Feb 11 17:39:08 2022

                     l12 03F6                       u40 03FC                       u41 03FB  
                     u34 03DF                       u35 03DD                       u57 03EA  
                    l631 03D9                      l633 03E4                      l635 03F1  
                    l629 03D3              main@counter 000F                     _main 03D3  
                   btemp 004E                     start 0000                    ?_main 000C  
                  _PORTB 0006                    _TRISB 0086                    status 0003  
                  wtemp0 004E          __initialization 03FE             __end_of_main 03FE  
                 ??_main 000C  __end_of__initialization 03FE               __pmaintext 03D3  
   end_of_initialization 03FE      start_initialization 03FE                ___latbits 0000  
          __pcstackBANK0 000C  
